<?xml version="1.0" encoding="UTF-8"?>
<testng-results ignored="0" total="1" passed="1" failed="0" skipped="0">
  <reporter-output>
  </reporter-output>
  <suite started-at="2022-09-09T21:22:16 IST" name="Default suite" finished-at="2022-09-09T21:22:17 IST" duration-ms="133">
    <groups>
    </groups>
    <test started-at="2022-09-09T21:22:16 IST" name="Default test" finished-at="2022-09-09T21:22:17 IST" duration-ms="133">
      <class name="project.TestNgClass">
        <test-method is-config="true" signature="beforeClass()[pri:0, instance:project.TestNgClass@6ef888f6]" started-at="2022-09-09T21:22:17 IST" name="beforeClass" finished-at="2022-09-09T21:22:17 IST" duration-ms="15" status="PASS">
          <reporter-output>
          </reporter-output>
        </test-method> <!-- beforeClass -->
        <test-method is-config="true" signature="beforeMethod()[pri:0, instance:project.TestNgClass@6ef888f6]" started-at="2022-09-09T21:22:17 IST" name="beforeMethod" finished-at="2022-09-09T21:22:17 IST" duration-ms="1" status="PASS">
          <reporter-output>
          </reporter-output>
        </test-method> <!-- beforeMethod -->
        <test-method signature="test()[pri:0, instance:project.TestNgClass@6ef888f6]" started-at="2022-09-09T21:22:17 IST" name="test" finished-at="2022-09-09T21:22:17 IST" duration-ms="20" status="PASS">
          <reporter-output>
          </reporter-output>
        </test-method> <!-- test -->
      </class> <!-- project.TestNgClass -->
    </test> <!-- Default test -->
  </suite> <!-- Default suite -->
</testng-results>
